
[2022-08-29T14:04:38.920441+00:00] blog.INFO: Create user http-action started [] []
[2022-08-29T14:07:37.866500+00:00] blog.INFO: Create user http-action started [] []
[2022-08-29T14:07:37.892500+00:00] blog.INFO: SqliteUserRepo -> user created: 132fb8a9-b0f6-49b9-a7b8-7b2aa433fa5d [] []
[2022-08-29T14:07:37.893434+00:00] blog.INFO: User created: 132fb8a9-b0f6-49b9-a7b8-7b2aa433fa5d [] []
[2022-08-29T14:11:15.010681+00:00] blog.INFO: Post create http-action started [] []
[2022-08-29T14:11:15.019113+00:00] blog.INFO: Password authentication: success [] []
[2022-08-29T14:11:15.026386+00:00] blog.INFO: SqlitePostRepo -> post created: 78b23cee-4e95-4527-8a62-1139d43799b3 [] []
[2022-08-29T14:11:15.027668+00:00] blog.INFO: Post created: 78b23cee-4e95-4527-8a62-1139d43799b3 [] []
[2022-08-29T14:15:20.027806+00:00] blog.INFO: Post create http-action started [] []
[2022-08-29T14:15:20.053661+00:00] blog.WARNING: Password authentication: wrong password [] []
[2022-08-29T14:42:37.451073+00:00] blog.INFO: Password authentication: success [] []
[2022-08-29T14:42:37.477352+00:00] blog.INFO: Token saved: deb85ba6c2921557c079783c70676791ae06d48a61e5743084b3a5387f5fb89c9c155cab4deda0cd [] []
[2022-08-29T15:07:23.674813+00:00] blog.INFO: Post create http-action started [] []
[2022-08-29T15:08:09.874462+00:00] blog.INFO: Post create http-action started [] []
[2022-08-29T15:08:09.908451+00:00] blog.INFO: SqlitePostRepo -> post created: cedab782-cb60-4c0b-9285-6e423a5fce4b [] []
[2022-08-29T15:08:09.912442+00:00] blog.INFO: Post created: cedab782-cb60-4c0b-9285-6e423a5fce4b [] []
[2022-08-30T07:59:54.177417+00:00] blog.INFO: Create user http-action started [] []
[2022-08-30T08:00:21.685581+00:00] blog.INFO: Create user http-action started [] []
[2022-08-30T08:03:55.621076+00:00] blog.INFO: Create user http-action started [] []
[2022-08-30T08:03:55.666077+00:00] blog.INFO: SqliteUserRepo -> user created: ea6eefe5-15a8-45bf-8c49-bfb51faf55b8 [] []
[2022-08-30T08:03:55.667767+00:00] blog.INFO: User created: ea6eefe5-15a8-45bf-8c49-bfb51faf55b8 [] []
[2022-08-30T08:04:28.117010+00:00] blog.INFO: Password authentication: success [] []
[2022-08-30T08:04:28.135174+00:00] blog.INFO: Token saved: 2f0ebfec9da477330564fedc4a446d480025a34661bd20b90634ccb747049de6929dbc5f0c1b47ae [] []
[2022-08-30T08:08:31.130581+00:00] blog.INFO: Comment like create http-action started [] []
[2022-08-30T08:15:50.257247+00:00] blog.INFO: Comment like create http-action started [] []
[2022-08-30T08:18:37.300386+00:00] blog.INFO: Comment like create http-action started [] []
[2022-08-30T08:19:13.510131+00:00] blog.INFO: Comment like create http-action started [] []
[2022-08-30T08:20:51.108267+00:00] blog.INFO: Comment like create http-action started [] []
[2022-08-30T08:21:04.579087+00:00] blog.INFO: Comment like create http-action started [] []
[2022-08-30T08:21:04.607604+00:00] blog.INFO: SqlitePostLikeRepo -> post like created: d21e33f0-a457-4ab4-8b27-46002319431d [] []
[2022-08-30T08:21:04.609220+00:00] blog.INFO: Comment like created: d21e33f0-a457-4ab4-8b27-46002319431d [] []
[2022-08-3
[2022-08-30T08:30:31.004215+00:00] blog.INFO: Comment like create http-action started [] []
[2022-08-30T08:34:43.946645+00:00] blog.INFO: SqlitePostLikeRepo -> post like created: 41faa623-96fd-4d70-805a-79b5419d5267 [] []
[2022-08-30T08:36:12.837179+00:00] blog.INFO: Comment like created: 41faa623-96fd-4d70-805a-79b5419d5267 [] []
[2022-08-30T08:39:55.023878+00:00] blog.NOTICE: Route not found: GET /post/like/create [] []
[2022-08-30T08:40:58.760017+00:00] blog.NOTICE: Route not found: GET /post/like/create [] []
[2022-08-30T08:41:50.120408+00:00] blog.WARNING: Post is already liked by this user: ea6eefe5-15a8-45bf-8c49-bfb51faf55b8 [] []
[2022-08-30T08:48:57.647884+00:00] blog.WARNING: Post is already liked by this user: ea6eefe5-15a8-45bf-8c49-bfb51faf55b8 [] []
[2022-08-30T09:00:12.402963+00:00] blog.INFO: Create user http-action started [] []
[2022-08-30T09:00:12.419572+00:00] blog.WARNING: User with such username is already exist: King Shark [] []
[2022-08-30T09:00:44.999704+00:00] blog.WARNING: Post is already liked by this user: ea6eefe5-15a8-45bf-8c49-bfb51faf55b8 [] []
[2022-08-30T13:06:07.763445+00:00] blog.INFO: Token expired: 2f0ebfec9da477330564fedc4a446d480025a34661bd20b90634ccb747049de6929dbc5f0c1b47ae [] []
[2022-08-30T13:07:33.201419+00:00] blog.INFO: Post create http-action started [] []
[2022-08-30T13:07:33.218279+00:00] blog.WARNING: Token expired: [2f0ebfec9da477330564fedc4a446d480025a34661bd20b90634ccb747049de6929dbc5f0c1b47ae] [] []
[2022-08-30T13:10:07.305379+00:00] blog.INFO: Post create http-action started [] []
[2022-08-30T13:16:36.054768+00:00] blog.WARNING: Token expired: [2f0ebfec9da477330564fedc4a446d480025a34661bd20b90634ccb747049de6929dbc5f0c1b47ae] [] []
[2022-08-30T13:20:28.453352+00:00] blog.INFO: Comment create http-action started [] []
[2022-08-30T13:21:03.917475+00:00] blog.INFO: Comment create http-action started [] []
[2022-08-30T13:30:14.425788+00:00] blog.INFO: Comment create http-action started [] []
[2022-08-30T13:30:14.447769+00:00] blog.INFO: SqliteCommentRepo -> comment created: 358cb7a1-7bac-4cef-aed9-303b5466328e [] []
[2022-08-30T13:30:14.448940+00:00] blog.INFO: Comment created: 358cb7a1-7bac-4cef-aed9-303b5466328e [] []
[2022-08-30T13:35:38.590956+00:00] blog.INFO: Create user http-action started [] []
[2022-08-30T13:35:38.618351+00:00] blog.INFO: SqliteUserRepo -> user created: 40cc72f5-8eae-4cb6-b6d9-320c25d63141 [] []
[2022-08-30T13:35:38.619903+00:00] blog.INFO: User created: 40cc72f5-8eae-4cb6-b6d9-320c25d63141 [] []
[2022-08-30T13:36:43.083531+00:00] blog.INFO: Password authentication: success [] []
[2022-08-30T13:36:43.104068+00:00] blog.INFO: Token saved: a5f6b93109529c684d70f4b53b2bfa2ae15938779445c0a296632668c5f4d3d3a93a0c20e211dd5e [] []
[2022-08-30T13:39:09.848630+00:00] blog.INFO: Comment like create http-action started [] []
[2022-08-30T13:39:09.900017+00:00] blog.INFO: SqlitePostLikeRepo -> post like created: 6ceac828-eeba-49d0-8fb2-ea273f417ad8 [] []
[2022-08-30T13:39:09.902785+00:00] blog.INFO: Comment like created: 6ceac828-eeba-49d0-8fb2-ea273f417ad8 [] []
[2022-08-30T13:43:26.928125+00:00] blog.INFO: Comment like create http-action started [] []
[2022-08-30T13:43:43.794720+00:00] blog.INFO: Post like create http-action started [] []
[2022-08-30T13:45:20.851346+00:00] blog.INFO: Post like create http-action started [] []
[2022-08-30T13:47:29.101556+00:00] blog.INFO: Post like create http-action started [] []
[2022-08-30T13:48:59.814450+00:00] blog.INFO: Post like create http-action started [] []
[2022-08-30T13:48:59.842134+00:00] blog.INFO: SqliteCommentLikeRepo -> comment like created: 7d9af86c-0e76-4a87-8c81-b76c632b14d5 [] []
[2022-08-30T13:48:59.843100+00:00] blog.INFO: Post like created: 7d9af86c-0e76-4a87-8c81-b76c632b14d5 [] []
[2022-08-30T14:26:43.735889+00:00] blog.INFO: Post search http-action started [] []
[2022-08-30T14:26:43.788443+00:00] blog.INFO: Post found: cedab782-cb60-4c0b-9285-6e423a5fce4b [] []
[2022-08-30T14:28:34.632042+00:00] blog.INFO: Comment search http-action started [] []
[2022-08-30T14:28:34.645123+00:00] blog.INFO: Comment found: 358cb7a1-7bac-4cef-aed9-303b5466328e [] []
